<?xml version="1.0" encoding="UTF-8"?>
<!-- Generated by org.testng.reporters.JUnitXMLReporter -->
<testsuite ignored="1" hostname="LAPTOP-8M37UFQA" failures="1" tests="2" name="Test" time="55.33" errors="0" timestamp="2025-08-25T21:55:11 IST">
  <testcase classname="testCases.TC1_AccountRegistrationTest" name="verify_account_registration" time="28.265">
    <failure type="java.lang.AssertionError">
      <![CDATA[java.lang.AssertionError: 
at testCases.TC1_AccountRegistrationTest.verify_account_registration(TC1_AccountRegistrationTest.java:51)
at java.base/java.util.ArrayList.forEach(ArrayList.java:1596)
... Removed 28 stack frames]]>
    </failure>
  </testcase> <!-- verify_account_registration -->
  <testcase classname="testCases.TC2_loginTest" name="verify_LoginTest" time="2.713"/>
  <testcase classname="testCases.TC3_LoginDDTTest" name="verify_LoginDDTTest" time="0.0">
    <ignored/>
  </testcase> <!-- verify_LoginDDTTest -->
</testsuite> <!-- Test -->
